Traceback (most recent call last):
  File "C:\Users\alber\anaconda3\envs\ambiente_1\Lib\site-packages\jupyter_cache\executors\utils.py", line 58, in single_nb_execution
    executenb(
  File "C:\Users\alber\anaconda3\envs\ambiente_1\Lib\site-packages\nbclient\client.py", line 1305, in execute
    return NotebookClient(nb=nb, resources=resources, km=km, **kwargs).execute()
           ^^^^^^^^^^^^^^^^^^^^^^^^^^^^^^^^^^^^^^^^^^^^^^^^^^^^^^^^^^^^^^^^^^^^^
  File "C:\Users\alber\anaconda3\envs\ambiente_1\Lib\site-packages\jupyter_core\utils\__init__.py", line 165, in wrapped
    return loop.run_until_complete(inner)
           ^^^^^^^^^^^^^^^^^^^^^^^^^^^^^^
  File "C:\Users\alber\anaconda3\envs\ambiente_1\Lib\asyncio\base_events.py", line 686, in run_until_complete
    return future.result()
           ^^^^^^^^^^^^^^^
  File "C:\Users\alber\anaconda3\envs\ambiente_1\Lib\site-packages\nbclient\client.py", line 705, in async_execute
    await self.async_execute_cell(
  File "C:\Users\alber\anaconda3\envs\ambiente_1\Lib\site-packages\nbclient\client.py", line 1058, in async_execute_cell
    await self._check_raise_for_error(cell, cell_index, exec_reply)
  File "C:\Users\alber\anaconda3\envs\ambiente_1\Lib\site-packages\nbclient\client.py", line 914, in _check_raise_for_error
    raise CellExecutionError.from_cell_and_msg(cell, exec_reply_content)
nbclient.exceptions.CellExecutionError: An error occurred while executing the following cell:
------------------
**Explicación**:a🔹 Q1 (Primer cuartil)
Es el borde inferior de la caja azul.

Representa el valor por debajo del cual está el 25% de los días.

En la imagen, Q1 parece estar en 2 → Esto significa que un cuarto de los días tuvo 2 defectos o menos.

🔸 Q2 (Mediana)
Es la línea roja dentro de la caja.

Marca el valor central: el 50% de los datos están por debajo, y el 50% por encima.

En el gráfico, la mediana está en 3 → Es el número de defectos típico de un día.

🔹 Q3 (Tercer cuartil)
Es el borde superior de la caja.

Representa el punto por debajo del cual está el 75% de los datos.

Aquí parece estar en 4 → Es decir, el 75% de los días tuvo 4 defectos o menos.

🧠 ¿Qué aprendemos?
La mayoría de los días tienen entre 2 y 4 defectos (la "caja").

Días con más de 4 ya están en el 25% más alto.

Algunos puntos más arriba (como el de 8) son valores inusuales, y podrían indicar fallos importantes.
------------------


[1;36m  Cell [1;32mIn[6], line 1[1;36m[0m
[1;33m    **Explicación**:a🔹 Q1 (Primer cuartil)[0m
[1;37m                     ^[0m
[1;31mSyntaxError[0m[1;31m:[0m invalid character '🔹' (U+1F539)


